0 info it worked if it ends with ok
1 verbose cli [ 'C:\\Program Files\\nodejs\\\\node.exe',
1 verbose cli   'C:\\Program Files\\nodejs\\node_modules\\npm\\bin\\npm-cli.js',
1 verbose cli   'install',
1 verbose cli   '-d' ]
2 info using npm@1.4.28
3 info using node@v0.10.34
4 verbose node symlink C:\Program Files\nodejs\\node.exe
5 warn package.json SSO-demo@ No description
6 warn package.json SSO-demo@ No repository field.
7 warn package.json SSO-demo@ No README data
8 verbose readDependencies using package.json deps
9 verbose install where, deps [ 'C:\\Appl\\src\\SSO-demo',
9 verbose install   [ 'express', 'path', 'cookie-parser' ] ]
10 info preinstall SSO-demo@
11 warn package.json path@0.11.14 path is also the name of a node core module.
12 verbose readDependencies using package.json deps
13 verbose already installed skipping express@~4.11.1 C:\Appl\src\SSO-demo
14 verbose already installed skipping path@~0.11.14 C:\Appl\src\SSO-demo
15 verbose cache add [ 'cookie-parser@~1.1.3', null ]
16 verbose cache add name=undefined spec="cookie-parser@~1.1.3" args=["cookie-parser@~1.1.3",null]
17 verbose parsed url { protocol: null,
17 verbose parsed url   slashes: null,
17 verbose parsed url   auth: null,
17 verbose parsed url   host: null,
17 verbose parsed url   port: null,
17 verbose parsed url   hostname: null,
17 verbose parsed url   hash: null,
17 verbose parsed url   search: null,
17 verbose parsed url   query: null,
17 verbose parsed url   pathname: 'cookie-parser@~1.1.3',
17 verbose parsed url   path: 'cookie-parser@~1.1.3',
17 verbose parsed url   href: 'cookie-parser@~1.1.3' }
18 verbose cache add name="cookie-parser" spec="~1.1.3" args=["cookie-parser","~1.1.3"]
19 verbose parsed url { protocol: null,
19 verbose parsed url   slashes: null,
19 verbose parsed url   auth: null,
19 verbose parsed url   host: null,
19 verbose parsed url   port: null,
19 verbose parsed url   hostname: null,
19 verbose parsed url   hash: null,
19 verbose parsed url   search: null,
19 verbose parsed url   query: null,
19 verbose parsed url   pathname: '~1.1.3',
19 verbose parsed url   path: '~1.1.3',
19 verbose parsed url   href: '~1.1.3' }
20 verbose addNamed [ 'cookie-parser', '~1.1.3' ]
21 verbose addNamed [ null, '>=1.1.3-0 <1.2.0-0' ]
22 silly lockFile 3ff0f8dc-cookie-parser-1-1-3 cookie-parser@~1.1.3
23 verbose lock cookie-parser@~1.1.3 C:\Users\oyron\AppData\Roaming\npm-cache\3ff0f8dc-cookie-parser-1-1-3.lock
24 silly addNameRange { name: 'cookie-parser',
24 silly addNameRange   range: '>=1.1.3-0 <1.2.0-0',
24 silly addNameRange   hasData: false }
25 verbose request where is /cookie-parser
26 verbose request registry https://registry.npmjs.org/
27 verbose request id 5b1f8184e29675ce
28 verbose url raw /cookie-parser
29 verbose url resolving [ 'https://registry.npmjs.org/', './cookie-parser' ]
30 verbose url resolved https://registry.npmjs.org/cookie-parser
31 verbose request where is https://registry.npmjs.org/cookie-parser
32 info trying registry request attempt 1 at 19:44:10
33 verbose etag "C4T22OQW3FDZL45L1H4CFJF8C"
34 http GET https://registry.npmjs.org/cookie-parser
35 http 200 https://registry.npmjs.org/cookie-parser
36 silly registry.get cb [ 200,
36 silly registry.get   { date: 'Wed, 28 Jan 2015 18:44:11 GMT',
36 silly registry.get     server: 'CouchDB/1.5.0 (Erlang OTP/R16B03)',
36 silly registry.get     etag: '"1P8CR9FW49XSUMFJN6ONJ6UYM"',
36 silly registry.get     'content-type': 'application/json',
36 silly registry.get     'cache-control': 'max-age=60',
36 silly registry.get     'content-length': '14268',
36 silly registry.get     'accept-ranges': 'bytes',
36 silly registry.get     via: '1.1 varnish',
36 silly registry.get     age: '0',
36 silly registry.get     'x-served-by': 'cache-ams4145-AMS',
36 silly registry.get     'x-cache': 'HIT',
36 silly registry.get     'x-cache-hits': '1',
36 silly registry.get     'x-timer': 'S1422470650.404069,VS0,VE625',
36 silly registry.get     vary: 'Accept',
36 silly registry.get     'keep-alive': 'timeout=10, max=50',
36 silly registry.get     connection: 'Keep-Alive' } ]
37 silly addNameRange number 2 { name: 'cookie-parser',
37 silly addNameRange   range: '>=1.1.3-0 <1.2.0-0',
37 silly addNameRange   hasData: true }
38 silly addNameRange versions [ 'cookie-parser',
38 silly addNameRange   [ '1.0.0',
38 silly addNameRange     '1.0.1',
38 silly addNameRange     '1.1.0',
38 silly addNameRange     '1.2.0',
38 silly addNameRange     '1.3.0',
38 silly addNameRange     '1.3.1',
38 silly addNameRange     '1.3.2',
38 silly addNameRange     '1.3.3' ] ]
39 silly lockFile 3ff0f8dc-cookie-parser-1-1-3 cookie-parser@~1.1.3
40 silly lockFile 3ff0f8dc-cookie-parser-1-1-3 cookie-parser@~1.1.3
41 error notarget No compatible version found: cookie-parser@'>=1.1.3-0 <1.2.0-0'
41 error notarget Valid install targets:
41 error notarget ["1.0.0","1.0.1","1.1.0","1.2.0","1.3.0","1.3.1","1.3.2","1.3.3"]
41 error notarget
41 error notarget This is most likely not a problem with npm itself.
41 error notarget In most cases you or one of your dependencies are requesting
41 error notarget a package version that doesn't exist.
42 error System Windows_NT 6.1.7601
43 error command "C:\\Program Files\\nodejs\\\\node.exe" "C:\\Program Files\\nodejs\\node_modules\\npm\\bin\\npm-cli.js" "install" "-d"
44 error cwd C:\Appl\src\SSO-demo
45 error node -v v0.10.34
46 error npm -v 1.4.28
47 error code ETARGET
48 verbose exit [ 1, true ]
